# JRE version: Java(TM) SE Runtime Environment 18.9 (11.0.11+9) (build 11.0.11+9-LTS-194)
# Java VM: Java HotSpot(TM) 64-Bit Server VM 18.9 (11.0.11+9-LTS-194, mixed mode, tiered, compressed oops, g1 gc, bsd-amd64)
Heap:
 garbage-first heap   total 262144K, used 29250K [0x00000007e0000000, 0x0000000800000000)
  region size 1024K, 15 young (15360K), 13 survivors (13312K)
 Metaspace       used 43967K, capacity 44979K, committed 45312K, reserved 294912K
  class space    used 5637K, capacity 6044K, committed 6144K, reserved 253952K
GC Heap History (10 events):
Event: 0.915 GC heap before
{Heap before GC invocations=0 (full 0):
 garbage-first heap   total 262144K, used 29696K [0x00000007e0000000, 0x0000000800000000)
  region size 1024K, 24 young (24576K), 0 survivors (0K)
 Metaspace       used 10620K, capacity 10855K, committed 11264K, reserved 264192K
  class space    used 1121K, capacity 1169K, committed 1280K, reserved 253952K
}
Event: 0.932 GC heap after
{Heap after GC invocations=1 (full 0):
 garbage-first heap   total 262144K, used 8876K [0x00000007e0000000, 0x0000000800000000)
  region size 1024K, 3 young (3072K), 3 survivors (3072K)
 Metaspace       used 10620K, capacity 10855K, committed 11264K, reserved 264192K
  class space    used 1121K, capacity 1169K, committed 1280K, reserved 253952K
}
Event: 2.283 GC heap before
{Heap before GC invocations=1 (full 0):
 garbage-first heap   total 262144K, used 85676K [0x00000007e0000000, 0x0000000800000000)
  region size 1024K, 80 young (81920K), 3 survivors (3072K)
 Metaspace       used 20574K, capacity 21026K, committed 21248K, reserved 272384K
  class space    used 2548K, capacity 2716K, committed 2816K, reserved 253952K
}
Event: 2.299 GC heap after
{Heap after GC invocations=2 (full 0):
 garbage-first heap   total 262144K, used 16120K [0x00000007e0000000, 0x0000000800000000)
  region size 1024K, 11 young (11264K), 11 survivors (11264K)
 Metaspace       used 20574K, capacity 21026K, committed 21248K, reserved 272384K
  class space    used 2548K, capacity 2716K, committed 2816K, reserved 253952K
}
Event: 3.238 GC heap before
{Heap before GC invocations=3 (full 0):
 garbage-first heap   total 262144K, used 75512K [0x00000007e0000000, 0x0000000800000000)
  region size 1024K, 69 young (70656K), 11 survivors (11264K)
 Metaspace       used 26771K, capacity 27280K, committed 27520K, reserved 278528K
  class space    used 3513K, capacity 3698K, committed 3712K, reserved 253952K
}
Event: 3.248 GC heap after
{Heap after GC invocations=4 (full 0):
 garbage-first heap   total 262144K, used 18412K [0x00000007e0000000, 0x0000000800000000)
  region size 1024K, 3 young (3072K), 3 survivors (3072K)
 Metaspace       used 26771K, capacity 27280K, committed 27520K, reserved 278528K
  class space    used 3513K, capacity 3698K, committed 3712K, reserved 253952K
}
Event: 3.926 GC heap before
{Heap before GC invocations=4 (full 0):
 garbage-first heap   total 262144K, used 62444K [0x00000007e0000000, 0x0000000800000000)
  region size 1024K, 45 young (46080K), 3 survivors (3072K)
 Metaspace       used 34933K, capacity 35556K, committed 35840K, reserved 286720K
  class space    used 4481K, capacity 4732K, committed 4736K, reserved 253952K
}
Event: 3.934 GC heap after
{Heap after GC invocations=5 (full 0):
 garbage-first heap   total 262144K, used 23748K [0x00000007e0000000, 0x0000000800000000)
  region size 1024K, 6 young (6144K), 6 survivors (6144K)
 Metaspace       used 34933K, capacity 35556K, committed 35840K, reserved 286720K
  class space    used 4481K, capacity 4732K, committed 4736K, reserved 253952K
}
Event: 7.361 GC heap before
{Heap before GC invocations=6 (full 0):
 garbage-first heap   total 262144K, used 129220K [0x00000007e0000000, 0x0000000800000000)
  region size 1024K, 109 young (111616K), 6 survivors (6144K)
 Metaspace       used 43873K, capacity 44913K, committed 45312K, reserved 294912K
  class space    used 5624K, capacity 6043K, committed 6144K, reserved 253952K
}
Event: 7.372 GC heap after
{Heap after GC invocations=7 (full 0):
 garbage-first heap   total 262144K, used 28226K [0x00000007e0000000, 0x0000000800000000)
  region size 1024K, 13 young (13312K), 13 survivors (13312K)
 Metaspace       used 43873K, capacity 44913K, committed 45312K, reserved 294912K
  class space    used 5624K, capacity 6043K, committed 6144K, reserved 253952K
}

